<?xml version="1.0" encoding="UTF-8"?>
<coverage generated="1778597293206" clover="3.2.0">
  <project timestamp="1778597293207" name="All files">
    <metrics statements="12" coveredstatements="9" conditionals="6" coveredconditionals="5" methods="3" coveredmethods="1" elements="21" coveredelements="15" complexity="0" loc="12" ncloc="12" packages="1" files="1" classes="1"/>
    <file name="index.js" path="/home/ubuntu/cicd-demo/app/index.js">
      <metrics statements="12" coveredstatements="9" conditionals="6" coveredconditionals="5" methods="3" coveredmethods="1"/>
      <line num="1" count="1" type="stmt"/>
      <line num="3" count="1" type="stmt"/>
      <line num="5" count="1" type="cond" truecount="2" falsecount="0"/>
      <line num="6" count="1" type="cond" truecount="2" falsecount="0"/>
      <line num="8" count="1" type="stmt"/>
      <line num="9" count="0" type="stmt"/>
      <line num="15" count="1" type="stmt"/>
      <line num="16" count="1" type="stmt"/>
      <line num="25" count="1" type="cond" truecount="1" falsecount="1"/>
      <line num="26" count="0" type="stmt"/>
      <line num="27" count="0" type="stmt"/>
      <line num="31" count="1" type="stmt"/>
    </file>
  </project>
</coverage>
